This is pdfTeX, Version 3.14159265-2.6-1.40.21 (MiKTeX 20.12) (preloaded format=pdflatex 2021.10.28)  10 NOV 2021 12:21
entering extended mode
**"./my timetable on latex.tex"
("my timetable on latex.tex"
LaTeX2e <2020-10-01> patch level 2
L3 programming layer <2020-12-07> xparse <2020-03-03>
("C:\Users\ARIYIBI ISEOLUWA\AppData\Local\Programs\MiKTeX\tex/latex/base\articl
e.cls"
Document Class: article 2020/04/10 v1.4m Standard LaTeX document class

("C:\Users\ARIYIBI ISEOLUWA\AppData\Local\Programs\MiKTeX\tex/latex/base\size10
.clo"
File: size10.clo 2020/04/10 v1.4m Standard LaTeX file (size option)
)
\c@part=\count177
\c@section=\count178
\c@subsection=\count179
\c@subsubsection=\count180
\c@paragraph=\count181
\c@subparagraph=\count182
\c@figure=\count183
\c@table=\count184
\abovecaptionskip=\skip47
\belowcaptionskip=\skip48
\bibindent=\dimen138
)
("C:\Users\ARIYIBI ISEOLUWA\AppData\Local\Programs\MiKTeX\tex/latex/siunitx\siu
nitx.sty"
Package: siunitx 2021-10-26 v3.0.34 A comprehensive (SI) units package
\l__siunitx_angle_tmp_dim=\dimen139
\l__siunitx_angle_marker_box=\box47
\l__siunitx_angle_unit_box=\box48
\l__siunitx_compound_count_int=\count185

("C:\Users\ARIYIBI ISEOLUWA\AppData\Local\Programs\MiKTeX\tex/latex/translation
s\translations.sty"
Package: translations 2021/01/17 v1.10a internationalization of LaTeX2e package
s (CN)

("C:\Users\ARIYIBI ISEOLUWA\AppData\Local\Programs\MiKTeX\tex/latex/etoolbox\et
oolbox.sty"
Package: etoolbox 2020/10/05 v2.5k e-TeX tools for LaTeX (JAW)
\etb@tempcnta=\count186
)
("C:\Users\ARIYIBI ISEOLUWA\AppData\Local\Programs\MiKTeX\tex/generic/pdftexcmd
s\pdftexcmds.sty"
Package: pdftexcmds 2020-06-27 v0.33 Utility functions of pdfTeX for LuaTeX (HO
)

("C:\Users\ARIYIBI ISEOLUWA\AppData\Local\Programs\MiKTeX\tex/generic/infwarerr
\infwarerr.sty"
Package: infwarerr 2019/12/03 v1.5 Providing info/warning/error messages (HO)
)
("C:\Users\ARIYIBI ISEOLUWA\AppData\Local\Programs\MiKTeX\tex/generic/iftex\ift
ex.sty"
Package: iftex 2020/03/06 v1.0d TeX engine tests
)
("C:\Users\ARIYIBI ISEOLUWA\AppData\Local\Programs\MiKTeX\tex/generic/ltxcmds\l
txcmds.sty"
Package: ltxcmds 2020-05-10 v1.25 LaTeX kernel commands for general use (HO)
)
Package pdftexcmds Info: \pdf@primitive is available.
Package pdftexcmds Info: \pdf@ifprimitive is available.
Package pdftexcmds Info: \pdfdraftmode found.
))
\l__siunitx_number_exponent_fixed_int=\count187
\l__siunitx_number_min_decimal_int=\count188
\l__siunitx_number_min_integer_int=\count189
\l__siunitx_number_round_precision_int=\count190
\l__siunitx_number_group_minimum_int=\count191

("C:\Users\ARIYIBI ISEOLUWA\AppData\Local\Programs\MiKTeX\tex/latex/amsmath\ams
text.sty"
Package: amstext 2000/06/29 v2.01 AMS text

("C:\Users\ARIYIBI ISEOLUWA\AppData\Local\Programs\MiKTeX\tex/latex/amsmath\ams
gen.sty"
File: amsgen.sty 1999/11/30 v2.0 generic functions
\@emptytoks=\toks15
\ex@=\dimen140
))
("C:\Users\ARIYIBI ISEOLUWA\AppData\Local\Programs\MiKTeX\tex/latex/graphics\co
lor.sty"
Package: color 2020/02/24 v1.2b Standard LaTeX Color (DPC)

("C:\Users\ARIYIBI ISEOLUWA\AppData\Local\Programs\MiKTeX\tex/latex/graphics-cf
g\color.cfg"
File: color.cfg 2016/01/02 v1.6 sample color configuration
)
Package color Info: Driver file: pdftex.def on input line 147.

("C:\Users\ARIYIBI ISEOLUWA\AppData\Local\Programs\MiKTeX\tex/latex/graphics-de
f\pdftex.def"
File: pdftex.def 2020/10/05 v1.2a Graphics/color driver for pdftex
))
\l__siunitx_table_tmp_box=\box49
\l__siunitx_table_tmp_dim=\dimen141
\l__siunitx_table_column_width_dim=\dimen142
\l__siunitx_table_integer_box=\box50
\l__siunitx_table_decimal_box=\box51
\l__siunitx_table_before_box=\box52
\l__siunitx_table_after_box=\box53
\l__siunitx_table_before_dim=\dimen143
\l__siunitx_table_carry_dim=\dimen144
\l__siunitx_unit_tmp_int=\count192
\l__siunitx_unit_position_int=\count193
\l__siunitx_unit_total_int=\count194

("C:\Users\ARIYIBI ISEOLUWA\AppData\Local\Programs\MiKTeX\tex/latex/l3packages/
l3keys2e\l3keys2e.sty"
("C:\Users\ARIYIBI ISEOLUWA\AppData\Local\Programs\MiKTeX\tex/latex/l3kernel\ex
pl3.sty"
Package: expl3 2020-12-07 L3 programming layer (loader) 

("C:\Users\ARIYIBI ISEOLUWA\AppData\Local\Programs\MiKTeX\tex/latex/l3backend\l
3backend-pdftex.def"
File: l3backend-pdftex.def 2020-09-24 L3 backend support: PDF output (pdfTeX)
\l__kernel_color_stack_int=\count195
\l__pdf_internal_box=\box54
))
Package: l3keys2e 2020-10-27 LaTeX2e option processing using LaTeX3 keys
)

LaTeX3 Info: Defining command \DeclareSIPower with sig. '+m+mm' on line 7298.


LaTeX3 Info: Defining command \DeclareSIPrefix with sig. '+mmm' on line 7302.


LaTeX3 Info: Defining command \DeclareSIQualifier with sig. '+mm' on line
(LaTeX3)     7306.


LaTeX3 Info: Defining command \DeclareSIUnit with sig. 'o+mm' on line 7312.


LaTeX3 Info: Defining command \qty with sig. 'O{}m>{\TrimSpaces }m' on line
(LaTeX3)     7332.


LaTeX3 Info: Defining command \ang with sig. 'O{}>{\SplitArgument {2}{;}}m' on
(LaTeX3)     line 7340.


LaTeX3 Info: Defining command \num with sig. 'O{}m' on line 7349.


LaTeX3 Info: Defining command \unit with sig. 'O{}>{\TrimSpaces }m' on line
(LaTeX3)     7370.


LaTeX3 Info: Defining command \qtylist with sig. 'O{}>{\SplitList
(LaTeX3)     {;}}m>{\TrimSpaces }m' on line 7380.


LaTeX3 Info: Defining command \numlist with sig. 'O{}>{\SplitList {;}}m' on
(LaTeX3)     line 7388.


LaTeX3 Info: Defining command \qtyproduct with sig. 'O{}>{\SplitList
(LaTeX3)     {x}}m>{\TrimSpaces }m' on line 7398.


LaTeX3 Info: Defining command \numproduct with sig. 'O{}>{\SplitList
(LaTeX3)     {x}}>{\TrimSpaces }m' on line 7407.


LaTeX3 Info: Defining command \qtyrange with sig. 'O{}mm>{\TrimSpaces }m' on
(LaTeX3)     line 7416.


LaTeX3 Info: Defining command \numrange with sig. 'O{}mm' on line 7424.


LaTeX3 Info: Defining command \complexnum with sig. 'O{}m' on line 7432.


LaTeX3 Info: Defining command \complexqty with sig. 'O{}mm' on line 7441.


LaTeX3 Info: Defining command \tablenum with sig. 'O{}m' on line 7451.


LaTeX3 Info: Defining command \sisetup with sig. 'm' on line 7453.


("C:\Users\ARIYIBI ISEOLUWA\AppData\Local\Programs\MiKTeX\tex/latex/tools\array
.sty"
Package: array 2019/08/31 v2.4l Tabular extension package (FMi)
\col@sep=\dimen145
\ar@mcellbox=\box55
\extrarowheight=\dimen146
\NC@list=\toks16
\extratabsurround=\skip49
\backup@length=\skip50
\ar@cellbox=\box56
)

LaTeX3 Info: Defining command \qty (pdfstring context) with sig. 'omm' on line
(LaTeX3)     7523.


LaTeX3 Info: Defining command \ang (pdfstring context) with sig. 'm' on line
(LaTeX3)     7524.


LaTeX3 Info: Defining command \num (pdfstring context) with sig. 'om' on line
(LaTeX3)     7525.


LaTeX3 Info: Defining command \unit (pdfstring context) with sig. 'om' on line
(LaTeX3)     7526.


LaTeX3 Info: Defining command \numlist (pdfstring context) with sig. 'om' on
(LaTeX3)     line 7533.


LaTeX3 Info: Defining command \qtylist (pdfstring context) with sig. 'omm' on
(LaTeX3)     line 7540.


LaTeX3 Info: Defining command \numproduct (pdfstring context) with sig. 'om'
(LaTeX3)     on line 7541.


LaTeX3 Info: Defining command \qtyproduct (pdfstring context) with sig. 'omm'
(LaTeX3)     on line 7542.


LaTeX3 Info: Defining command \numrange (pdfstring context) with sig. 'omm' on
(LaTeX3)     line 7544.


LaTeX3 Info: Defining command \qtyrange (pdfstring context) with sig. 'ommm'
(LaTeX3)     on line 7546.


LaTeX3 Info: Defining command \si (pdfstring context) with sig. 'om' on line
(LaTeX3)     7547.


LaTeX3 Info: Defining command \SI (pdfstring context) with sig. 'omO{}m' on
(LaTeX3)     line 7548.


LaTeX3 Info: Defining command \SIlist (pdfstring context) with sig. 'omm' on
(LaTeX3)     line 7555.


LaTeX3 Info: Defining command \SIrange (pdfstring context) with sig. 'ommm' on
(LaTeX3)     line 7557.


LaTeX3 Info: Defining command \DeclareBinaryPrefix with sig. '+mmm' on line
(LaTeX3)     7656.


LaTeX3 Info: Defining command \DeclareSIPrePower with sig. '+mm' on line 7661.


LaTeX3 Info: Defining command \DeclareSIPostPower with sig. '+mm' on line
(LaTeX3)     7666.


LaTeX3 Info: Defining command \si with sig. 'O{}m' on line 7675.


LaTeX3 Info: Defining command \SI with sig. 'O{}mom' on line 7689.


LaTeX3 Info: Defining command \SIlist with sig. 'O{}>{\SplitList
(LaTeX3)     {;}}m>{\TrimSpaces }m' on line 7699.


LaTeX3 Info: Defining command \SIrange with sig. 'O{}mm>{\TrimSpaces }m' on
(LaTeX3)     line 7708.


LaTeX3 Info: Defining command \SendSettingsToPgf with sig. '' on line 7895.

)
("C:\Users\ARIYIBI ISEOLUWA\AppData\Local\Programs\MiKTeX\tex/latex/xcolor\xcol
or.sty"
Package: xcolor 2016/05/11 v2.12 LaTeX color extensions (UK)

("C:\Users\ARIYIBI ISEOLUWA\AppData\Local\Programs\MiKTeX\tex/latex/graphics-cf
g\color.cfg"
File: color.cfg 2016/01/02 v1.6 sample color configuration
)
Package xcolor Info: Driver file: pdftex.def on input line 225.

("C:\Users\ARIYIBI ISEOLUWA\AppData\Local\Programs\MiKTeX\tex/latex/colortbl\co
lortbl.sty"
Package: colortbl 2020/01/04 v1.0e Color table columns (DPC)
\everycr=\toks17
\minrowclearance=\skip51
)
LaTeX Info: Redefining \color on input line 709.
\rownum=\count196
Package xcolor Info: Model `cmy' substituted by `cmy0' on input line 1348.
Package xcolor Info: Model `hsb' substituted by `rgb' on input line 1352.
Package xcolor Info: Model `RGB' extended on input line 1364.
Package xcolor Info: Model `HTML' substituted by `rgb' on input line 1366.
Package xcolor Info: Model `Hsb' substituted by `hsb' on input line 1367.
Package xcolor Info: Model `tHsb' substituted by `hsb' on input line 1368.
Package xcolor Info: Model `HSB' substituted by `hsb' on input line 1369.
Package xcolor Info: Model `Gray' substituted by `gray' on input line 1370.
Package xcolor Info: Model `wave' substituted by `hsb' on input line 1371.
)
("C:\Users\ARIYIBI ISEOLUWA\AppData\Local\Programs\MiKTeX\tex/latex/graphics\ro
tating.sty"
Package: rotating 2016/08/11 v2.16d rotated objects in LaTeX

("C:\Users\ARIYIBI ISEOLUWA\AppData\Local\Programs\MiKTeX\tex/latex/graphics\gr
aphicx.sty"
Package: graphicx 2020/09/09 v1.2b Enhanced LaTeX Graphics (DPC,SPQR)

("C:\Users\ARIYIBI ISEOLUWA\AppData\Local\Programs\MiKTeX\tex/latex/graphics\ke
yval.sty"
Package: keyval 2014/10/28 v1.15 key=value parser (DPC)
\KV@toks@=\toks18
)
("C:\Users\ARIYIBI ISEOLUWA\AppData\Local\Programs\MiKTeX\tex/latex/graphics\gr
aphics.sty"
Package: graphics 2020/08/30 v1.4c Standard LaTeX Graphics (DPC,SPQR)

("C:\Users\ARIYIBI ISEOLUWA\AppData\Local\Programs\MiKTeX\tex/latex/graphics\tr
ig.sty"
Package: trig 2016/01/03 v1.10 sin cos tan (DPC)
)
("C:\Users\ARIYIBI ISEOLUWA\AppData\Local\Programs\MiKTeX\tex/latex/graphics-cf
g\graphics.cfg"
File: graphics.cfg 2016/06/04 v1.11 sample graphics configuration
)
Package graphics Info: Driver file: pdftex.def on input line 105.
)
\Gin@req@height=\dimen147
\Gin@req@width=\dimen148
)
("C:\Users\ARIYIBI ISEOLUWA\AppData\Local\Programs\MiKTeX\tex/latex/base\ifthen
.sty"
Package: ifthen 2014/09/29 v1.1c Standard LaTeX ifthen package (DPC)
)
\c@r@tfl@t=\count197
\rotFPtop=\skip52
\rotFPbot=\skip53
\rot@float@box=\box57
\rot@mess@toks=\toks19
)
Package translations Info: No language package found. I am going to use `englis
h' as default language. on input line 5.
 ("my timetable on latex.aux")
\openout1 = `"my timetable on latex.aux"'.

LaTeX Font Info:    Checking defaults for OML/cmm/m/it on input line 5.
LaTeX Font Info:    ... okay on input line 5.
LaTeX Font Info:    Checking defaults for OMS/cmsy/m/n on input line 5.
LaTeX Font Info:    ... okay on input line 5.
LaTeX Font Info:    Checking defaults for OT1/cmr/m/n on input line 5.
LaTeX Font Info:    ... okay on input line 5.
LaTeX Font Info:    Checking defaults for T1/cmr/m/n on input line 5.
LaTeX Font Info:    ... okay on input line 5.
LaTeX Font Info:    Checking defaults for TS1/cmr/m/n on input line 5.
LaTeX Font Info:    ... okay on input line 5.
LaTeX Font Info:    Checking defaults for OMX/cmex/m/n on input line 5.
LaTeX Font Info:    ... okay on input line 5.
LaTeX Font Info:    Checking defaults for U/cmr/m/n on input line 5.
LaTeX Font Info:    ... okay on input line 5.

("C:\Users\ARIYIBI ISEOLUWA\AppData\Local\Programs\MiKTeX\tex/latex/translation
s/dicts\translations-basic-dictionary-english.trsl"
File: translations-basic-dictionary-english.trsl (english translation file `tra
nslations-basic-dictionary')
)
Package translations Info: loading dictionary `translations-basic-dictionary' f
or `english'. on input line 5.

("C:\Users\ARIYIBI ISEOLUWA\AppData\Local\Programs\MiKTeX\tex/context/base/mkii
\supp-pdf.mkii"
[Loading MPS to PDF converter (version 2006.09.02).]
\scratchcounter=\count198
\scratchdimen=\dimen149
\scratchbox=\box58
\nofMPsegments=\count199
\nofMParguments=\count266
\everyMPshowfont=\toks20
\MPscratchCnt=\count267
\MPscratchDim=\dimen150
\MPnumerator=\count268
\makeMPintoPDFobject=\count269
\everyMPtoPDFconversion=\toks21
)
("C:\Users\ARIYIBI ISEOLUWA\AppData\Local\Programs\MiKTeX\tex/latex/epstopdf-pk
g\epstopdf-base.sty"
Package: epstopdf-base 2020-01-24 v2.11 Base part for package epstopdf
Package epstopdf-base Info: Redefining graphics rule for `.eps' on input line 4
85.
)
LaTeX Font Info:    External font `cmex10' loaded for size
(Font)              <7> on input line 10.
LaTeX Font Info:    External font `cmex10' loaded for size
(Font)              <5> on input line 10.

Overfull \hbox (224.05377pt too wide) in paragraph at lines 10--20
[][] 
 []


LaTeX Warning: `!h' float specifier changed to `!ht'.

[1

{C:/Users/ARIYIBI ISEOLUWA/AppData/Local/MiKTeX/pdftex/config/pdftex.map}]
[2] ("my timetable on latex.aux") ) 
Here is how much of TeX's memory you used:
 5870 strings out of 479697
 140834 string characters out of 2861869
 390626 words of memory out of 3000000
 22944 multiletter control sequences out of 15000+200000
 403738 words of font info for 28 fonts, out of 3000000 for 9000
 1141 hyphenation exceptions out of 8191
 81i,11n,86p,258b,512s stack positions out of 5000i,500n,10000p,200000b,50000s
<C:/Users/ARIYIBI ISEOLUWA/AppData/Local/Pro
grams/MiKTeX/fonts/type1/public/amsfonts/cm/cmbx10.pfb><C:/Users/ARIYIBI ISEOLU
WA/AppData/Local/Programs/MiKTeX/fonts/type1/public/amsfonts/cm/cmr10.pfb>
Output written on "my timetable on latex.pdf" (2 pages, 35143 bytes).
PDF statistics:
 17 PDF objects out of 1000 (max. 8388607)
 0 named destinations out of 1000 (max. 500000)
 1 words of extra memory for PDF output out of 10000 (max. 10000000)

