This is pdfTeX, Version 3.14159265-2.6-1.40.21 (MiKTeX 20.12) (preloaded format=pdflatex 2021.10.28)  31 OCT 2021 13:43
entering extended mode
**"./practice 16.tex"
("practice 16.tex"
LaTeX2e <2020-10-01> patch level 2
L3 programming layer <2020-12-07> xparse <2020-03-03>
("C:\Users\ARIYIBI ISEOLUWA\AppData\Local\Programs\MiKTeX\tex/latex/base\articl
e.cls"
Document Class: article 2020/04/10 v1.4m Standard LaTeX document class

("C:\Users\ARIYIBI ISEOLUWA\AppData\Local\Programs\MiKTeX\tex/latex/base\size10
.clo"
File: size10.clo 2020/04/10 v1.4m Standard LaTeX file (size option)
)
\c@part=\count177
\c@section=\count178
\c@subsection=\count179
\c@subsubsection=\count180
\c@paragraph=\count181
\c@subparagraph=\count182
\c@figure=\count183
\c@table=\count184
\abovecaptionskip=\skip47
\belowcaptionskip=\skip48
\bibindent=\dimen138
)
("C:\Users\ARIYIBI ISEOLUWA\AppData\Local\Programs\MiKTeX\tex/latex/graphics\gr
aphicx.sty"
Package: graphicx 2020/09/09 v1.2b Enhanced LaTeX Graphics (DPC,SPQR)

("C:\Users\ARIYIBI ISEOLUWA\AppData\Local\Programs\MiKTeX\tex/latex/graphics\ke
yval.sty"
Package: keyval 2014/10/28 v1.15 key=value parser (DPC)
\KV@toks@=\toks15
)
("C:\Users\ARIYIBI ISEOLUWA\AppData\Local\Programs\MiKTeX\tex/latex/graphics\gr
aphics.sty"
Package: graphics 2020/08/30 v1.4c Standard LaTeX Graphics (DPC,SPQR)

("C:\Users\ARIYIBI ISEOLUWA\AppData\Local\Programs\MiKTeX\tex/latex/graphics\tr
ig.sty"
Package: trig 2016/01/03 v1.10 sin cos tan (DPC)
)
("C:\Users\ARIYIBI ISEOLUWA\AppData\Local\Programs\MiKTeX\tex/latex/graphics-cf
g\graphics.cfg"
File: graphics.cfg 2016/06/04 v1.11 sample graphics configuration
)
Package graphics Info: Driver file: pdftex.def on input line 105.

("C:\Users\ARIYIBI ISEOLUWA\AppData\Local\Programs\MiKTeX\tex/latex/graphics-de
f\pdftex.def"
File: pdftex.def 2020/10/05 v1.2a Graphics/color driver for pdftex
))
\Gin@req@height=\dimen139
\Gin@req@width=\dimen140
)

! LaTeX Error: File `subcaption.sty' not found.

Type X to quit or <RETURN> to proceed,
or enter new name. (Default extension: sty)

Enter file name: 
! Emergency stop.
<read *> 
         
l.4 \begin
          {document}
*** (cannot \read from terminal in nonstop modes)

 
Here is how much of TeX's memory you used:
 618 strings out of 479697
 8387 string characters out of 2861869
 277953 words of memory out of 3000000
 17782 multiletter control sequences out of 15000+200000
 403430 words of font info for 27 fonts, out of 3000000 for 9000
 1141 hyphenation exceptions out of 8191
 66i,0n,72p,215b,36s stack positions out of 5000i,500n,10000p,200000b,50000s
!  ==> Fatal error occurred, no output PDF file produced!
