This is pdfTeX, Version 3.14159265-2.6-1.40.21 (MiKTeX 20.12) (preloaded format=pdflatex 2021.10.28)  3 NOV 2021 23:09
entering extended mode
**"./presentation homework.tex"
("presentation homework.tex"
LaTeX2e <2020-10-01> patch level 2
L3 programming layer <2020-12-07> xparse <2020-03-03>
("C:\Users\ARIYIBI ISEOLUWA\AppData\Local\Programs\MiKTeX\tex/latex/base\articl
e.cls"
Document Class: article 2020/04/10 v1.4m Standard LaTeX document class

("C:\Users\ARIYIBI ISEOLUWA\AppData\Local\Programs\MiKTeX\tex/latex/base\size10
.clo"
File: size10.clo 2020/04/10 v1.4m Standard LaTeX file (size option)
)
\c@part=\count177
\c@section=\count178
\c@subsection=\count179
\c@subsubsection=\count180
\c@paragraph=\count181
\c@subparagraph=\count182
\c@figure=\count183
\c@table=\count184
\abovecaptionskip=\skip47
\belowcaptionskip=\skip48
\bibindent=\dimen138
)
("C:\Users\ARIYIBI ISEOLUWA\AppData\Local\Programs\MiKTeX\tex/latex/graphics\gr
aphicx.sty"
Package: graphicx 2020/09/09 v1.2b Enhanced LaTeX Graphics (DPC,SPQR)

("C:\Users\ARIYIBI ISEOLUWA\AppData\Local\Programs\MiKTeX\tex/latex/graphics\ke
yval.sty"
Package: keyval 2014/10/28 v1.15 key=value parser (DPC)
\KV@toks@=\toks15
)
("C:\Users\ARIYIBI ISEOLUWA\AppData\Local\Programs\MiKTeX\tex/latex/graphics\gr
aphics.sty"
Package: graphics 2020/08/30 v1.4c Standard LaTeX Graphics (DPC,SPQR)

("C:\Users\ARIYIBI ISEOLUWA\AppData\Local\Programs\MiKTeX\tex/latex/graphics\tr
ig.sty"
Package: trig 2016/01/03 v1.10 sin cos tan (DPC)
)
("C:\Users\ARIYIBI ISEOLUWA\AppData\Local\Programs\MiKTeX\tex/latex/graphics-cf
g\graphics.cfg"
File: graphics.cfg 2016/06/04 v1.11 sample graphics configuration
)
Package graphics Info: Driver file: pdftex.def on input line 105.

("C:\Users\ARIYIBI ISEOLUWA\AppData\Local\Programs\MiKTeX\tex/latex/graphics-de
f\pdftex.def"
File: pdftex.def 2020/10/05 v1.2a Graphics/color driver for pdftex
))
\Gin@req@height=\dimen139
\Gin@req@width=\dimen140
)
("C:\Users\ARIYIBI ISEOLUWA\AppData\Local\Programs\MiKTeX\tex/latex/l3backend\l
3backend-pdftex.def"
File: l3backend-pdftex.def 2020-09-24 L3 backend support: PDF output (pdfTeX)
\l__kernel_color_stack_int=\count185
\l__pdf_internal_box=\box47
) ("presentation homework.aux")
\openout1 = `"presentation homework.aux"'.

LaTeX Font Info:    Checking defaults for OML/cmm/m/it on input line 4.
LaTeX Font Info:    ... okay on input line 4.
LaTeX Font Info:    Checking defaults for OMS/cmsy/m/n on input line 4.
LaTeX Font Info:    ... okay on input line 4.
LaTeX Font Info:    Checking defaults for OT1/cmr/m/n on input line 4.
LaTeX Font Info:    ... okay on input line 4.
LaTeX Font Info:    Checking defaults for T1/cmr/m/n on input line 4.
LaTeX Font Info:    ... okay on input line 4.
LaTeX Font Info:    Checking defaults for TS1/cmr/m/n on input line 4.
LaTeX Font Info:    ... okay on input line 4.
LaTeX Font Info:    Checking defaults for OMX/cmex/m/n on input line 4.
LaTeX Font Info:    ... okay on input line 4.
LaTeX Font Info:    Checking defaults for U/cmr/m/n on input line 4.
LaTeX Font Info:    ... okay on input line 4.

("C:\Users\ARIYIBI ISEOLUWA\AppData\Local\Programs\MiKTeX\tex/context/base/mkii
\supp-pdf.mkii"
[Loading MPS to PDF converter (version 2006.09.02).]
\scratchcounter=\count186
\scratchdimen=\dimen141
\scratchbox=\box48
\nofMPsegments=\count187
\nofMParguments=\count188
\everyMPshowfont=\toks16
\MPscratchCnt=\count189
\MPscratchDim=\dimen142
\MPnumerator=\count190
\makeMPintoPDFobject=\count191
\everyMPtoPDFconversion=\toks17
)
("C:\Users\ARIYIBI ISEOLUWA\AppData\Local\Programs\MiKTeX\tex/latex/epstopdf-pk
g\epstopdf-base.sty"
Package: epstopdf-base 2020-01-24 v2.11 Base part for package epstopdf
Package epstopdf-base Info: Redefining graphics rule for `.eps' on input line 4
85.
) [1

{C:/Users/ARIYIBI ISEOLUWA/AppData/Local/MiKTeX/pdftex/config/pdftex.map}]
<java.jpg, id=7, 301.125pt x 168.63pt>
File: java.jpg Graphic file (type jpg)
<use java.jpg>
Package pdftex.def Info: java.jpg  used on input line 15.
(pdftex.def)             Requested size: 172.5pt x 96.60382pt.
 [2 <./java.jpg>]
<../../Downloads/html.jpg, id=13, 225.84375pt x 225.84375pt>
File: ../../Downloads/html.jpg Graphic file (type jpg)
<use ../../Downloads/html.jpg>
Package pdftex.def Info: ../../Downloads/html.jpg  used on input line 45.
(pdftex.def)             Requested size: 137.9979pt x 138.0057pt.
 [3 <../../Downloads/html.jpg>]
<../../Downloads/bjarne.jpg, id=17, 259.97125pt x 194.7275pt>
File: ../../Downloads/bjarne.jpg Graphic file (type jpg)
<use ../../Downloads/bjarne.jpg>
Package pdftex.def Info: ../../Downloads/bjarne.jpg  used on input line 71.
(pdftex.def)             Requested size: 137.9979pt x 103.36552pt.
 [4 <../../Downloads/bjarne.jpg>]
<../../Downloads/javascript.png, id=21, 2055.68pt x 2055.68pt>
File: ../../Downloads/javascript.png Graphic file (type png)
<use ../../Downloads/javascript.png>
Package pdftex.def Info: ../../Downloads/javascript.png  used on input line 97.

(pdftex.def)             Requested size: 137.9979pt x 137.98392pt.
 [5 <../../Downloads/javascript.png>]
<../../Downloads/fortran.jpg, id=25, 312.16624pt x 162.6075pt>
File: ../../Downloads/fortran.jpg Graphic file (type jpg)
<use ../../Downloads/fortran.jpg>
Package pdftex.def Info: ../../Downloads/fortran.jpg  used on input line 126.
(pdftex.def)             Requested size: 137.9979pt x 71.88495pt.
 [6 <../../Downloads/fortran.jpg>] [7] ("presentation homework.aux") ) 
Here is how much of TeX's memory you used:
 1218 strings out of 479697
 19638 string characters out of 2861869
 288973 words of memory out of 3000000
 18351 multiletter control sequences out of 15000+200000
 405283 words of font info for 33 fonts, out of 3000000 for 9000
 1141 hyphenation exceptions out of 8191
 66i,6n,72p,265b,274s stack positions out of 5000i,500n,10000p,200000b,50000s
 <C:\User
s\ARIYIBI ISEOLUWA\AppData\Local\MiKTeX\fonts/pk/ljfour/jknappen/ec/dpi600\tcrm
1000.pk><C:/Users/ARIYIBI ISEOLUWA/AppData/Local/Programs/MiKTeX/fonts/type1/pu
blic/amsfonts/cm/cmbx10.pfb><C:/Users/ARIYIBI ISEOLUWA/AppData/Local/Programs/M
iKTeX/fonts/type1/public/amsfonts/cm/cmbx12.pfb><C:/Users/ARIYIBI ISEOLUWA/AppD
ata/Local/Programs/MiKTeX/fonts/type1/public/amsfonts/cm/cmr10.pfb>
Output written on "presentation homework.pdf" (7 pages, 138833 bytes).
PDF statistics:
 48 PDF objects out of 1000 (max. 8388607)
 0 named destinations out of 1000 (max. 500000)
 26 words of extra memory for PDF output out of 10000 (max. 10000000)

